<?xml version="1.0" encoding="UTF-8"?>
<!-- Generated by org.testng.reporters.JUnitXMLReporter -->
<testsuite ignored="0" hostname="DESKTOP-799KKK6" failures="1" tests="3"
	name="EdgeTest" time="25.729" errors="0" timestamp="2024-01-22T09:39:59 IST">
	<testcase
		classname="com.demowebshop.testscripts.TC003_VerifyUserIsAbleToAddProductToWishlist"
		name="addToWishList" time="5.384" />
	<testcase
		classname="com.demowebshop.testscripts.TC004_VerifyUserIsAbleToPalceOrder"
		name="placeOrder" time="9.898" />
	<testcase
		classname="com.demowebshop.testscripts.TC002_VerifyUserIsAbleToAddProductsToCartAndRemove"
		name="addProductToCart" time="10.244">
		<failure type="java.lang.AssertionError"
			message="all products are not displayed in cart expected [4] but found [3]">
      <![CDATA[java.lang.AssertionError: all products are not displayed in cart expected [4] but found [3]
at com.demowebshop.testscripts.TC002_VerifyUserIsAbleToAddProductsToCartAndRemove.addProductToCart(TC002_VerifyUserIsAbleToAddProductsToCartAndRemove.java:46)
at java.base/java.util.concurrent.ThreadPoolExecutor.runWorker(ThreadPoolExecutor.java:1144)
at java.base/java.util.concurrent.ThreadPoolExecutor$Worker.run(ThreadPoolExecutor.java:642)
at java.base/java.lang.Thread.run(Thread.java:1623)
... Removed 15 stack frames]]>
    </failure>
	</testcase> <!--
	addProductToCart -->
</testsuite> <!--
EdgeTest -->
