<?xml version="1.0" encoding="UTF-8"?>
<!-- Generated by org.testng.reporters.JUnitReportReporter -->
<testsuite hostname="DESKTOP-799KKK6" failures="2" tests="2" name="com.demowebshop.testscripts.TC002_VerifyUserIsAbleToAddProductsToCartAndRemove" time="31.995" errors="0" timestamp="2024-01-22T09:39:59 IST" skipped="0">
  <testcase classname="com.demowebshop.testscripts.TC002_VerifyUserIsAbleToAddProductsToCartAndRemove" name="addProductToCart" time="17.476">
    <failure message="all products are not displayed in cart expected [4] but found [3]" type="java.lang.AssertionError">
      <![CDATA[java.lang.AssertionError: all products are not displayed in cart expected [4] but found [3]
at org.testng.Assert.fail(Assert.java:99)
at org.testng.Assert.failNotEquals(Assert.java:1037)
at org.testng.Assert.assertEqualsImpl(Assert.java:140)
at org.testng.Assert.assertEquals(Assert.java:122)
at org.testng.Assert.assertEquals(Assert.java:907)
at com.demowebshop.testscripts.TC002_VerifyUserIsAbleToAddProductsToCartAndRemove.addProductToCart(TC002_VerifyUserIsAbleToAddProductsToCartAndRemove.java:46)
at java.base/jdk.internal.reflect.DirectMethodHandleAccessor.invoke(DirectMethodHandleAccessor.java:104)
at java.base/java.lang.reflect.Method.invoke(Method.java:578)
at org.testng.internal.MethodInvocationHelper.invokeMethod(MethodInvocationHelper.java:133)
at org.testng.internal.TestInvoker.invokeMethod(TestInvoker.java:598)
at org.testng.internal.TestInvoker.invokeTestMethod(TestInvoker.java:173)
at org.testng.internal.MethodRunner.runInSequence(MethodRunner.java:46)
at org.testng.internal.TestInvoker$MethodInvocationAgent.invoke(TestInvoker.java:824)
at org.testng.internal.TestInvoker.invokeTestMethods(TestInvoker.java:146)
at org.testng.internal.TestMethodWorker.invokeTestMethods(TestMethodWorker.java:146)
at org.testng.internal.TestMethodWorker.run(TestMethodWorker.java:128)
at java.base/java.util.concurrent.ThreadPoolExecutor.runWorker(ThreadPoolExecutor.java:1144)
at java.base/java.util.concurrent.ThreadPoolExecutor$Worker.run(ThreadPoolExecutor.java:642)
at java.base/java.lang.Thread.run(Thread.java:1623)
]]>
    </failure>
  </testcase> <!-- addProductToCart -->
  <system-out/>
  <testcase classname="com.demowebshop.testscripts.TC002_VerifyUserIsAbleToAddProductsToCartAndRemove" name="addProductToCart" time="14.519">
    <failure message="all products are not displayed in cart expected [4] but found [3]" type="java.lang.AssertionError">
      <![CDATA[java.lang.AssertionError: all products are not displayed in cart expected [4] but found [3]
at org.testng.Assert.fail(Assert.java:99)
at org.testng.Assert.failNotEquals(Assert.java:1037)
at org.testng.Assert.assertEqualsImpl(Assert.java:140)
at org.testng.Assert.assertEquals(Assert.java:122)
at org.testng.Assert.assertEquals(Assert.java:907)
at com.demowebshop.testscripts.TC002_VerifyUserIsAbleToAddProductsToCartAndRemove.addProductToCart(TC002_VerifyUserIsAbleToAddProductsToCartAndRemove.java:46)
at java.base/jdk.internal.reflect.DirectMethodHandleAccessor.invoke(DirectMethodHandleAccessor.java:104)
at java.base/java.lang.reflect.Method.invoke(Method.java:578)
at org.testng.internal.MethodInvocationHelper.invokeMethod(MethodInvocationHelper.java:133)
at org.testng.internal.TestInvoker.invokeMethod(TestInvoker.java:598)
at org.testng.internal.TestInvoker.invokeTestMethod(TestInvoker.java:173)
at org.testng.internal.MethodRunner.runInSequence(MethodRunner.java:46)
at org.testng.internal.TestInvoker$MethodInvocationAgent.invoke(TestInvoker.java:824)
at org.testng.internal.TestInvoker.invokeTestMethods(TestInvoker.java:146)
at org.testng.internal.TestMethodWorker.invokeTestMethods(TestMethodWorker.java:146)
at org.testng.internal.TestMethodWorker.run(TestMethodWorker.java:128)
at java.base/java.util.concurrent.ThreadPoolExecutor.runWorker(ThreadPoolExecutor.java:1144)
at java.base/java.util.concurrent.ThreadPoolExecutor$Worker.run(ThreadPoolExecutor.java:642)
at java.base/java.lang.Thread.run(Thread.java:1623)
]]>
    </failure>
  </testcase> <!-- addProductToCart -->
  <system-out/>
</testsuite> <!-- com.demowebshop.testscripts.TC002_VerifyUserIsAbleToAddProductsToCartAndRemove -->
